r:\z_backup_order\_project_\cpp\imguidemo\imguidemo\x64\debug\vc143.pdb
r:\z_backup_order\_project_\cpp\imguidemo\imguidemo\x64\debug\vc143.idb
r:\z_backup_order\_project_\cpp\imguidemo\imguidemo\x64\debug\widget.obj
r:\z_backup_order\_project_\cpp\imguidemo\imguidemo\x64\debug\main.obj
r:\z_backup_order\_project_\cpp\imguidemo\imguidemo\x64\debug\imgui_widgets.obj
r:\z_backup_order\_project_\cpp\imguidemo\imguidemo\x64\debug\imgui_tables.obj
r:\z_backup_order\_project_\cpp\imguidemo\imguidemo\x64\debug\imgui_impl_opengl3.obj
r:\z_backup_order\_project_\cpp\imguidemo\imguidemo\x64\debug\imgui_impl_glfw.obj
r:\z_backup_order\_project_\cpp\imguidemo\imguidemo\x64\debug\imgui_draw.obj
r:\z_backup_order\_project_\cpp\imguidemo\imguidemo\x64\debug\imgui_demo.obj
r:\z_backup_order\_project_\cpp\imguidemo\imguidemo\x64\debug\imgui.obj
r:\z_backup_order\_project_\cpp\imguidemo\imguidemo\x64\debug\imguidemo.ilk
r:\z_backup_order\_project_\cpp\imguidemo\imguidemo\x64\debug\imguidemo.exe
r:\z_backup_order\_project_\cpp\imguidemo\imguidemo\x64\debug\imguidemo.pdb
r:\z_backup_order\_project_\cpp\imguidemo\imguidemo\x64\debug\imguidemo.tlog\cl.command.1.tlog
r:\z_backup_order\_project_\cpp\imguidemo\imguidemo\x64\debug\imguidemo.tlog\cl.read.1.tlog
r:\z_backup_order\_project_\cpp\imguidemo\imguidemo\x64\debug\imguidemo.tlog\cl.write.1.tlog
r:\z_backup_order\_project_\cpp\imguidemo\imguidemo\x64\debug\imguidemo.tlog\link.command.1.tlog
r:\z_backup_order\_project_\cpp\imguidemo\imguidemo\x64\debug\imguidemo.tlog\link.read.1.tlog
r:\z_backup_order\_project_\cpp\imguidemo\imguidemo\x64\debug\imguidemo.tlog\link.write.1.tlog
